<?xml version="1.0" encoding="UTF-8"?>
<!-- Generated by org.testng.reporters.JUnitXMLReporter -->
<testsuite hostname="Chinmaya-84-7B-EB-31-2E-9C" ignored="0" name="Test" tests="1" failures="1" timestamp="28 Feb 2018 09:43:04 GMT" time="4.767" errors="0">
  <testcase name="launchApplicationFromBrowser" time="4.746" classname="test1.HomePageTest">
    <failure type="org.openqa.selenium.InvalidArgumentException" message="Malformed URL: www.google.com is not a valid URL.
Build info: version: &amp;apos;3.4.0&amp;apos;, revision: &amp;apos;unknown&amp;apos;, time: &amp;apos;unknown&amp;apos;
System info: host: &amp;apos;CHINMAYA-84-7B-&amp;apos;, ip: &amp;apos;192.168.16.88&amp;apos;, os.name: &amp;apos;Windows 8.1&amp;apos;, os.arch: &amp;apos;amd64&amp;apos;, os.version: &amp;apos;6.3&amp;apos;, java.version: &amp;apos;1.8.0_111&amp;apos;
Driver info: org.openqa.selenium.firefox.FirefoxDriver
Capabilities [{moz:profile=c:\Windows\Temp\rust_mozprofile.w27P1FptA44b, rotatable=false, timeouts={implicit=0.0, pageLoad=300000.0, script=30000.0}, pageLoadStrategy=normal, platform=ANY, specificationLevel=0.0, moz:accessibilityChecks=false, acceptInsecureCerts=false, browserVersion=53.0.3, platformVersion=6.3, moz:processID=11868.0, browserName=firefox, javascriptEnabled=true, platformName=windows_nt}]
Session ID: 2126059d-f8ce-45fd-859f-f33a787de5aa">
      <![CDATA[org.openqa.selenium.InvalidArgumentException: Malformed URL: www.google.com is not a valid URL.
Build info: version: '3.4.0', revision: 'unknown', time: 'unknown'
System info: host: 'CHINMAYA-84-7B-', ip: '192.168.16.88', os.name: 'Windows 8.1', os.arch: 'amd64', os.version: '6.3', java.version: '1.8.0_111'
Driver info: org.openqa.selenium.firefox.FirefoxDriver
Capabilities [{moz:profile=c:\Windows\Temp\rust_mozprofile.w27P1FptA44b, rotatable=false, timeouts={implicit=0.0, pageLoad=300000.0, script=30000.0}, pageLoadStrategy=normal, platform=ANY, specificationLevel=0.0, moz:accessibilityChecks=false, acceptInsecureCerts=false, browserVersion=53.0.3, platformVersion=6.3, moz:processID=11868.0, browserName=firefox, javascriptEnabled=true, platformName=windows_nt}]
Session ID: 2126059d-f8ce-45fd-859f-f33a787de5aa
	at org.openqa.selenium.remote.http.W3CHttpResponseCodec.createException(W3CHttpResponseCodec.java:150)
	at org.openqa.selenium.remote.http.W3CHttpResponseCodec.decode(W3CHttpResponseCodec.java:115)
	at org.openqa.selenium.remote.http.W3CHttpResponseCodec.decode(W3CHttpResponseCodec.java:45)
	at org.openqa.selenium.remote.HttpCommandExecutor.execute(HttpCommandExecutor.java:164)
	at org.openqa.selenium.remote.service.DriverCommandExecutor.execute(DriverCommandExecutor.java:82)
	at org.openqa.selenium.remote.RemoteWebDriver.execute(RemoteWebDriver.java:637)
	at org.openqa.selenium.remote.RemoteWebDriver.get(RemoteWebDriver.java:364)
	at test1.HomePageTest.launchApplicationFromBrowser(HomePageTest.java:19)
... Removed 29 stack frames]]>
    </failure>
  </testcase> <!-- launchApplicationFromBrowser -->
</testsuite> <!-- Test -->
