<?xml version="1.0" encoding="UTF-8"?>
<testng-results skipped="0" failed="0" ignored="0" total="1" passed="1">
  <reporter-output>
  </reporter-output>
  <suite name="Suite" duration-ms="6495" started-at="2018-02-28T10:54:43Z" finished-at="2018-02-28T10:54:50Z">
    <groups>
    </groups>
    <test name="Test" duration-ms="6495" started-at="2018-02-28T10:54:43Z" finished-at="2018-02-28T10:54:50Z">
      <class name="test1.HomePageTest">
        <test-method status="PASS" signature="launchApplicationFromBrowser()[pri:0, instance:test1.HomePageTest@5f84abe8]" name="launchApplicationFromBrowser" duration-ms="6477" started-at="2018-02-28T16:24:43Z" finished-at="2018-02-28T16:24:50Z">
          <reporter-output>
          </reporter-output>
        </test-method> <!-- launchApplicationFromBrowser -->
      </class> <!-- test1.HomePageTest -->
    </test> <!-- Test -->
  </suite> <!-- Suite -->
</testng-results>
