<?xml version="1.0" encoding="UTF-8"?>
<testng-results skipped="0" failed="0" ignored="0" total="1" passed="1">
  <reporter-output>
  </reporter-output>
  <suite name="Default suite" duration-ms="6433" started-at="2018-02-28T09:48:43Z" finished-at="2018-02-28T09:48:49Z">
    <groups>
    </groups>
    <test name="Default test" duration-ms="6433" started-at="2018-02-28T09:48:43Z" finished-at="2018-02-28T09:48:49Z">
      <class name="test1.HomePageTest">
        <test-method status="PASS" signature="launchApplicationFromBrowser()[pri:0, instance:test1.HomePageTest@7cd62f43]" name="launchApplicationFromBrowser" duration-ms="6415" started-at="2018-02-28T15:18:43Z" finished-at="2018-02-28T15:18:49Z">
          <reporter-output>
          </reporter-output>
        </test-method> <!-- launchApplicationFromBrowser -->
      </class> <!-- test1.HomePageTest -->
    </test> <!-- Default test -->
  </suite> <!-- Default suite -->
</testng-results>
